sendMessage called
Input: {"name":"Test","firstName":"Test","email":"a@b.com","phone":"0600000000","subject":"Test","message":"Bonjour"}
sendMessage called
Input: 
sendMessage called
Input: 
sendMessage called
Input: 
sendMessage called
Input: 
sendMessage called
Input: 
sendMessage called
Input: {"name":"Gonzalez","firstName":"Amelie","email":"lilie60.ag@gmail.com","phone":"0610685053","subject":"Profil","message":"Envoie test mail"}
sendMessage called
Input: {"name":"Gonzalez","firstName":"Amelie","email":"lilie60.ag@gmail.com","phone":"0610685053","subject":"Sécurité","message":"Test Envoie mail. 2"}
sendMessage called
Input: {"name":"Gonzalez","firstName":"Amelie","email":"lilie60.ag@gmail.com","phone":"0610685053","subject":"Profil","message":"Envoie Mail test"}
sendMessage called
Input: {"name":"Gonzalez","firstName":"Amelie","email":"lilie60.ag@gmail.com","phone":"0610685053","subject":"Profil","message":"Test Envoie mail"}
